2015-10-17 20:59:31 Notice: Notice (8): Undefined variable: anno in [/home/vagrant/Repo/gigsmanager/app/View/Gigs/index.ctp, line 6]
Trace:
include - APP/View/Gigs/index.ctp, line 6
View::_evaluate() - CORE/Cake/View/View.php, line 931
View::_render() - CORE/Cake/View/View.php, line 893
View::render() - CORE/Cake/View/View.php, line 462
Controller::render() - CORE/Cake/Controller/Controller.php, line 952
Dispatcher::_invoke() - CORE/Cake/Routing/Dispatcher.php, line 194
Dispatcher::dispatch() - CORE/Cake/Routing/Dispatcher.php, line 162
[main] - APP/webroot/index.php, line 110

2015-10-17 20:59:31 Notice: Notice (8): Undefined variable: anno in [/home/vagrant/Repo/gigsmanager/app/View/Gigs/index.ctp, line 6]
Trace:
include - APP/View/Gigs/index.ctp, line 6
View::_evaluate() - CORE/Cake/View/View.php, line 931
View::_render() - CORE/Cake/View/View.php, line 893
View::render() - CORE/Cake/View/View.php, line 462
Controller::render() - CORE/Cake/Controller/Controller.php, line 952
Dispatcher::_invoke() - CORE/Cake/Routing/Dispatcher.php, line 194
Dispatcher::dispatch() - CORE/Cake/Routing/Dispatcher.php, line 162
[main] - APP/webroot/index.php, line 110

2015-10-17 20:59:31 Notice: Notice (8): Undefined variable: gig in [/home/vagrant/Repo/gigsmanager/app/View/Gigs/index.ctp, line 26]
Trace:
include - APP/View/Gigs/index.ctp, line 26
View::_evaluate() - CORE/Cake/View/View.php, line 931
View::_render() - CORE/Cake/View/View.php, line 893
View::render() - CORE/Cake/View/View.php, line 462
Controller::render() - CORE/Cake/Controller/Controller.php, line 952
Dispatcher::_invoke() - CORE/Cake/Routing/Dispatcher.php, line 194
Dispatcher::dispatch() - CORE/Cake/Routing/Dispatcher.php, line 162
[main] - APP/webroot/index.php, line 110

2015-10-17 20:59:31 Notice: Notice (8): Undefined variable: gig in [/home/vagrant/Repo/gigsmanager/app/View/Gigs/index.ctp, line 27]
Trace:
include - APP/View/Gigs/index.ctp, line 27
View::_evaluate() - CORE/Cake/View/View.php, line 931
View::_render() - CORE/Cake/View/View.php, line 893
View::render() - CORE/Cake/View/View.php, line 462
Controller::render() - CORE/Cake/Controller/Controller.php, line 952
Dispatcher::_invoke() - CORE/Cake/Routing/Dispatcher.php, line 194
Dispatcher::dispatch() - CORE/Cake/Routing/Dispatcher.php, line 162
[main] - APP/webroot/index.php, line 110

2015-10-17 20:59:31 Notice: Notice (8): Undefined variable: gig in [/home/vagrant/Repo/gigsmanager/app/View/Gigs/index.ctp, line 28]
Trace:
include - APP/View/Gigs/index.ctp, line 28
View::_evaluate() - CORE/Cake/View/View.php, line 931
View::_render() - CORE/Cake/View/View.php, line 893
View::render() - CORE/Cake/View/View.php, line 462
Controller::render() - CORE/Cake/Controller/Controller.php, line 952
Dispatcher::_invoke() - CORE/Cake/Routing/Dispatcher.php, line 194
Dispatcher::dispatch() - CORE/Cake/Routing/Dispatcher.php, line 162
[main] - APP/webroot/index.php, line 110

2015-10-17 20:59:31 Notice: Notice (8): Undefined variable: gig in [/home/vagrant/Repo/gigsmanager/app/View/Gigs/index.ctp, line 29]
Trace:
include - APP/View/Gigs/index.ctp, line 29
View::_evaluate() - CORE/Cake/View/View.php, line 931
View::_render() - CORE/Cake/View/View.php, line 893
View::render() - CORE/Cake/View/View.php, line 462
Controller::render() - CORE/Cake/Controller/Controller.php, line 952
Dispatcher::_invoke() - CORE/Cake/Routing/Dispatcher.php, line 194
Dispatcher::dispatch() - CORE/Cake/Routing/Dispatcher.php, line 162
[main] - APP/webroot/index.php, line 110

2015-10-17 20:59:31 Notice: Notice (8): Undefined variable: gig in [/home/vagrant/Repo/gigsmanager/app/View/Gigs/index.ctp, line 32]
Trace:
include - APP/View/Gigs/index.ctp, line 32
View::_evaluate() - CORE/Cake/View/View.php, line 931
View::_render() - CORE/Cake/View/View.php, line 893
View::render() - CORE/Cake/View/View.php, line 462
Controller::render() - CORE/Cake/Controller/Controller.php, line 952
Dispatcher::_invoke() - CORE/Cake/Routing/Dispatcher.php, line 194
Dispatcher::dispatch() - CORE/Cake/Routing/Dispatcher.php, line 162
[main] - APP/webroot/index.php, line 110

2015-10-17 20:59:31 Notice: Notice (8): Undefined variable: i in [/home/vagrant/Repo/gigsmanager/app/View/Gigs/index.ctp, line 32]
Trace:
include - APP/View/Gigs/index.ctp, line 32
View::_evaluate() - CORE/Cake/View/View.php, line 931
View::_render() - CORE/Cake/View/View.php, line 893
View::render() - CORE/Cake/View/View.php, line 462
Controller::render() - CORE/Cake/Controller/Controller.php, line 952
Dispatcher::_invoke() - CORE/Cake/Routing/Dispatcher.php, line 194
Dispatcher::dispatch() - CORE/Cake/Routing/Dispatcher.php, line 162
[main] - APP/webroot/index.php, line 110

2015-10-17 20:59:31 Notice: Notice (8): Undefined variable: gig in [/home/vagrant/Repo/gigsmanager/app/View/Gigs/index.ctp, line 32]
Trace:
include - APP/View/Gigs/index.ctp, line 32
View::_evaluate() - CORE/Cake/View/View.php, line 931
View::_render() - CORE/Cake/View/View.php, line 893
View::render() - CORE/Cake/View/View.php, line 462
Controller::render() - CORE/Cake/Controller/Controller.php, line 952
Dispatcher::_invoke() - CORE/Cake/Routing/Dispatcher.php, line 194
Dispatcher::dispatch() - CORE/Cake/Routing/Dispatcher.php, line 162
[main] - APP/webroot/index.php, line 110

2015-10-17 20:59:31 Notice: Notice (8): Undefined variable: i in [/home/vagrant/Repo/gigsmanager/app/View/Gigs/index.ctp, line 32]
Trace:
include - APP/View/Gigs/index.ctp, line 32
View::_evaluate() - CORE/Cake/View/View.php, line 931
View::_render() - CORE/Cake/View/View.php, line 893
View::render() - CORE/Cake/View/View.php, line 462
Controller::render() - CORE/Cake/Controller/Controller.php, line 952
Dispatcher::_invoke() - CORE/Cake/Routing/Dispatcher.php, line 194
Dispatcher::dispatch() - CORE/Cake/Routing/Dispatcher.php, line 162
[main] - APP/webroot/index.php, line 110

2015-10-17 20:59:31 Notice: Notice (8): Undefined variable: gig in [/home/vagrant/Repo/gigsmanager/app/View/Gigs/index.ctp, line 32]
Trace:
include - APP/View/Gigs/index.ctp, line 32
View::_evaluate() - CORE/Cake/View/View.php, line 931
View::_render() - CORE/Cake/View/View.php, line 893
View::render() - CORE/Cake/View/View.php, line 462
Controller::render() - CORE/Cake/Controller/Controller.php, line 952
Dispatcher::_invoke() - CORE/Cake/Routing/Dispatcher.php, line 194
Dispatcher::dispatch() - CORE/Cake/Routing/Dispatcher.php, line 162
[main] - APP/webroot/index.php, line 110

2015-10-17 20:59:31 Notice: Notice (8): Undefined variable: i in [/home/vagrant/Repo/gigsmanager/app/View/Gigs/index.ctp, line 32]
Trace:
include - APP/View/Gigs/index.ctp, line 32
View::_evaluate() - CORE/Cake/View/View.php, line 931
View::_render() - CORE/Cake/View/View.php, line 893
View::render() - CORE/Cake/View/View.php, line 462
Controller::render() - CORE/Cake/Controller/Controller.php, line 952
Dispatcher::_invoke() - CORE/Cake/Routing/Dispatcher.php, line 194
Dispatcher::dispatch() - CORE/Cake/Routing/Dispatcher.php, line 162
[main] - APP/webroot/index.php, line 110

2015-10-17 20:59:31 Notice: Notice (8): Undefined variable: gig in [/home/vagrant/Repo/gigsmanager/app/View/Gigs/index.ctp, line 36]
Trace:
include - APP/View/Gigs/index.ctp, line 36
View::_evaluate() - CORE/Cake/View/View.php, line 931
View::_render() - CORE/Cake/View/View.php, line 893
View::render() - CORE/Cake/View/View.php, line 462
Controller::render() - CORE/Cake/Controller/Controller.php, line 952
Dispatcher::_invoke() - CORE/Cake/Routing/Dispatcher.php, line 194
Dispatcher::dispatch() - CORE/Cake/Routing/Dispatcher.php, line 162
[main] - APP/webroot/index.php, line 110

2015-10-17 20:59:31 Notice: Notice (8): Undefined variable: gig in [/home/vagrant/Repo/gigsmanager/app/View/Gigs/index.ctp, line 39]
Trace:
include - APP/View/Gigs/index.ctp, line 39
View::_evaluate() - CORE/Cake/View/View.php, line 931
View::_render() - CORE/Cake/View/View.php, line 893
View::render() - CORE/Cake/View/View.php, line 462
Controller::render() - CORE/Cake/Controller/Controller.php, line 952
Dispatcher::_invoke() - CORE/Cake/Routing/Dispatcher.php, line 194
Dispatcher::dispatch() - CORE/Cake/Routing/Dispatcher.php, line 162
[main] - APP/webroot/index.php, line 110

2015-10-17 20:59:31 Notice: Notice (8): Undefined variable: gig in [/home/vagrant/Repo/gigsmanager/app/View/Gigs/index.ctp, line 42]
Trace:
include - APP/View/Gigs/index.ctp, line 42
View::_evaluate() - CORE/Cake/View/View.php, line 931
View::_render() - CORE/Cake/View/View.php, line 893
View::render() - CORE/Cake/View/View.php, line 462
Controller::render() - CORE/Cake/Controller/Controller.php, line 952
Dispatcher::_invoke() - CORE/Cake/Routing/Dispatcher.php, line 194
Dispatcher::dispatch() - CORE/Cake/Routing/Dispatcher.php, line 162
[main] - APP/webroot/index.php, line 110

2015-10-17 20:59:31 Notice: Notice (8): Undefined variable: gig in [/home/vagrant/Repo/gigsmanager/app/View/Gigs/index.ctp, line 45]
Trace:
include - APP/View/Gigs/index.ctp, line 45
View::_evaluate() - CORE/Cake/View/View.php, line 931
View::_render() - CORE/Cake/View/View.php, line 893
View::render() - CORE/Cake/View/View.php, line 462
Controller::render() - CORE/Cake/Controller/Controller.php, line 952
Dispatcher::_invoke() - CORE/Cake/Routing/Dispatcher.php, line 194
Dispatcher::dispatch() - CORE/Cake/Routing/Dispatcher.php, line 162
[main] - APP/webroot/index.php, line 110

2015-10-17 20:59:31 Notice: Notice (8): Undefined variable: gig in [/home/vagrant/Repo/gigsmanager/app/View/Gigs/index.ctp, line 45]
Trace:
include - APP/View/Gigs/index.ctp, line 45
View::_evaluate() - CORE/Cake/View/View.php, line 931
View::_render() - CORE/Cake/View/View.php, line 893
View::render() - CORE/Cake/View/View.php, line 462
Controller::render() - CORE/Cake/Controller/Controller.php, line 952
Dispatcher::_invoke() - CORE/Cake/Routing/Dispatcher.php, line 194
Dispatcher::dispatch() - CORE/Cake/Routing/Dispatcher.php, line 162
[main] - APP/webroot/index.php, line 110

2015-10-17 20:59:36 Notice: Notice (8): Undefined variable: anno in [/home/vagrant/Repo/gigsmanager/app/View/Gigs/index.ctp, line 6]
Trace:
include - APP/View/Gigs/index.ctp, line 6
View::_evaluate() - CORE/Cake/View/View.php, line 931
View::_render() - CORE/Cake/View/View.php, line 893
View::render() - CORE/Cake/View/View.php, line 462
Controller::render() - CORE/Cake/Controller/Controller.php, line 952
Dispatcher::_invoke() - CORE/Cake/Routing/Dispatcher.php, line 194
Dispatcher::dispatch() - CORE/Cake/Routing/Dispatcher.php, line 162
[main] - APP/webroot/index.php, line 110

2015-10-17 20:59:36 Notice: Notice (8): Undefined variable: anno in [/home/vagrant/Repo/gigsmanager/app/View/Gigs/index.ctp, line 6]
Trace:
include - APP/View/Gigs/index.ctp, line 6
View::_evaluate() - CORE/Cake/View/View.php, line 931
View::_render() - CORE/Cake/View/View.php, line 893
View::render() - CORE/Cake/View/View.php, line 462
Controller::render() - CORE/Cake/Controller/Controller.php, line 952
Dispatcher::_invoke() - CORE/Cake/Routing/Dispatcher.php, line 194
Dispatcher::dispatch() - CORE/Cake/Routing/Dispatcher.php, line 162
[main] - APP/webroot/index.php, line 110

2015-10-17 20:59:36 Notice: Notice (8): Undefined variable: gig in [/home/vagrant/Repo/gigsmanager/app/View/Gigs/index.ctp, line 26]
Trace:
include - APP/View/Gigs/index.ctp, line 26
View::_evaluate() - CORE/Cake/View/View.php, line 931
View::_render() - CORE/Cake/View/View.php, line 893
View::render() - CORE/Cake/View/View.php, line 462
Controller::render() - CORE/Cake/Controller/Controller.php, line 952
Dispatcher::_invoke() - CORE/Cake/Routing/Dispatcher.php, line 194
Dispatcher::dispatch() - CORE/Cake/Routing/Dispatcher.php, line 162
[main] - APP/webroot/index.php, line 110

2015-10-17 20:59:36 Notice: Notice (8): Undefined variable: gig in [/home/vagrant/Repo/gigsmanager/app/View/Gigs/index.ctp, line 27]
Trace:
include - APP/View/Gigs/index.ctp, line 27
View::_evaluate() - CORE/Cake/View/View.php, line 931
View::_render() - CORE/Cake/View/View.php, line 893
View::render() - CORE/Cake/View/View.php, line 462
Controller::render() - CORE/Cake/Controller/Controller.php, line 952
Dispatcher::_invoke() - CORE/Cake/Routing/Dispatcher.php, line 194
Dispatcher::dispatch() - CORE/Cake/Routing/Dispatcher.php, line 162
[main] - APP/webroot/index.php, line 110

2015-10-17 20:59:36 Notice: Notice (8): Undefined variable: gig in [/home/vagrant/Repo/gigsmanager/app/View/Gigs/index.ctp, line 28]
Trace:
include - APP/View/Gigs/index.ctp, line 28
View::_evaluate() - CORE/Cake/View/View.php, line 931
View::_render() - CORE/Cake/View/View.php, line 893
View::render() - CORE/Cake/View/View.php, line 462
Controller::render() - CORE/Cake/Controller/Controller.php, line 952
Dispatcher::_invoke() - CORE/Cake/Routing/Dispatcher.php, line 194
Dispatcher::dispatch() - CORE/Cake/Routing/Dispatcher.php, line 162
[main] - APP/webroot/index.php, line 110

2015-10-17 20:59:36 Notice: Notice (8): Undefined variable: gig in [/home/vagrant/Repo/gigsmanager/app/View/Gigs/index.ctp, line 29]
Trace:
include - APP/View/Gigs/index.ctp, line 29
View::_evaluate() - CORE/Cake/View/View.php, line 931
View::_render() - CORE/Cake/View/View.php, line 893
View::render() - CORE/Cake/View/View.php, line 462
Controller::render() - CORE/Cake/Controller/Controller.php, line 952
Dispatcher::_invoke() - CORE/Cake/Routing/Dispatcher.php, line 194
Dispatcher::dispatch() - CORE/Cake/Routing/Dispatcher.php, line 162
[main] - APP/webroot/index.php, line 110

2015-10-17 20:59:36 Notice: Notice (8): Undefined variable: gig in [/home/vagrant/Repo/gigsmanager/app/View/Gigs/index.ctp, line 32]
Trace:
include - APP/View/Gigs/index.ctp, line 32
View::_evaluate() - CORE/Cake/View/View.php, line 931
View::_render() - CORE/Cake/View/View.php, line 893
View::render() - CORE/Cake/View/View.php, line 462
Controller::render() - CORE/Cake/Controller/Controller.php, line 952
Dispatcher::_invoke() - CORE/Cake/Routing/Dispatcher.php, line 194
Dispatcher::dispatch() - CORE/Cake/Routing/Dispatcher.php, line 162
[main] - APP/webroot/index.php, line 110

2015-10-17 20:59:36 Notice: Notice (8): Undefined variable: i in [/home/vagrant/Repo/gigsmanager/app/View/Gigs/index.ctp, line 32]
Trace:
include - APP/View/Gigs/index.ctp, line 32
View::_evaluate() - CORE/Cake/View/View.php, line 931
View::_render() - CORE/Cake/View/View.php, line 893
View::render() - CORE/Cake/View/View.php, line 462
Controller::render() - CORE/Cake/Controller/Controller.php, line 952
Dispatcher::_invoke() - CORE/Cake/Routing/Dispatcher.php, line 194
Dispatcher::dispatch() - CORE/Cake/Routing/Dispatcher.php, line 162
[main] - APP/webroot/index.php, line 110

2015-10-17 20:59:36 Notice: Notice (8): Undefined variable: gig in [/home/vagrant/Repo/gigsmanager/app/View/Gigs/index.ctp, line 32]
Trace:
include - APP/View/Gigs/index.ctp, line 32
View::_evaluate() - CORE/Cake/View/View.php, line 931
View::_render() - CORE/Cake/View/View.php, line 893
View::render() - CORE/Cake/View/View.php, line 462
Controller::render() - CORE/Cake/Controller/Controller.php, line 952
Dispatcher::_invoke() - CORE/Cake/Routing/Dispatcher.php, line 194
Dispatcher::dispatch() - CORE/Cake/Routing/Dispatcher.php, line 162
[main] - APP/webroot/index.php, line 110

2015-10-17 20:59:36 Notice: Notice (8): Undefined variable: i in [/home/vagrant/Repo/gigsmanager/app/View/Gigs/index.ctp, line 32]
Trace:
include - APP/View/Gigs/index.ctp, line 32
View::_evaluate() - CORE/Cake/View/View.php, line 931
View::_render() - CORE/Cake/View/View.php, line 893
View::render() - CORE/Cake/View/View.php, line 462
Controller::render() - CORE/Cake/Controller/Controller.php, line 952
Dispatcher::_invoke() - CORE/Cake/Routing/Dispatcher.php, line 194
Dispatcher::dispatch() - CORE/Cake/Routing/Dispatcher.php, line 162
[main] - APP/webroot/index.php, line 110

2015-10-17 20:59:36 Notice: Notice (8): Undefined variable: gig in [/home/vagrant/Repo/gigsmanager/app/View/Gigs/index.ctp, line 32]
Trace:
include - APP/View/Gigs/index.ctp, line 32
View::_evaluate() - CORE/Cake/View/View.php, line 931
View::_render() - CORE/Cake/View/View.php, line 893
View::render() - CORE/Cake/View/View.php, line 462
Controller::render() - CORE/Cake/Controller/Controller.php, line 952
Dispatcher::_invoke() - CORE/Cake/Routing/Dispatcher.php, line 194
Dispatcher::dispatch() - CORE/Cake/Routing/Dispatcher.php, line 162
[main] - APP/webroot/index.php, line 110

2015-10-17 20:59:36 Notice: Notice (8): Undefined variable: i in [/home/vagrant/Repo/gigsmanager/app/View/Gigs/index.ctp, line 32]
Trace:
include - APP/View/Gigs/index.ctp, line 32
View::_evaluate() - CORE/Cake/View/View.php, line 931
View::_render() - CORE/Cake/View/View.php, line 893
View::render() - CORE/Cake/View/View.php, line 462
Controller::render() - CORE/Cake/Controller/Controller.php, line 952
Dispatcher::_invoke() - CORE/Cake/Routing/Dispatcher.php, line 194
Dispatcher::dispatch() - CORE/Cake/Routing/Dispatcher.php, line 162
[main] - APP/webroot/index.php, line 110

2015-10-17 20:59:36 Notice: Notice (8): Undefined variable: gig in [/home/vagrant/Repo/gigsmanager/app/View/Gigs/index.ctp, line 36]
Trace:
include - APP/View/Gigs/index.ctp, line 36
View::_evaluate() - CORE/Cake/View/View.php, line 931
View::_render() - CORE/Cake/View/View.php, line 893
View::render() - CORE/Cake/View/View.php, line 462
Controller::render() - CORE/Cake/Controller/Controller.php, line 952
Dispatcher::_invoke() - CORE/Cake/Routing/Dispatcher.php, line 194
Dispatcher::dispatch() - CORE/Cake/Routing/Dispatcher.php, line 162
[main] - APP/webroot/index.php, line 110

2015-10-17 20:59:36 Notice: Notice (8): Undefined variable: gig in [/home/vagrant/Repo/gigsmanager/app/View/Gigs/index.ctp, line 39]
Trace:
include - APP/View/Gigs/index.ctp, line 39
View::_evaluate() - CORE/Cake/View/View.php, line 931
View::_render() - CORE/Cake/View/View.php, line 893
View::render() - CORE/Cake/View/View.php, line 462
Controller::render() - CORE/Cake/Controller/Controller.php, line 952
Dispatcher::_invoke() - CORE/Cake/Routing/Dispatcher.php, line 194
Dispatcher::dispatch() - CORE/Cake/Routing/Dispatcher.php, line 162
[main] - APP/webroot/index.php, line 110

2015-10-17 20:59:36 Notice: Notice (8): Undefined variable: gig in [/home/vagrant/Repo/gigsmanager/app/View/Gigs/index.ctp, line 42]
Trace:
include - APP/View/Gigs/index.ctp, line 42
View::_evaluate() - CORE/Cake/View/View.php, line 931
View::_render() - CORE/Cake/View/View.php, line 893
View::render() - CORE/Cake/View/View.php, line 462
Controller::render() - CORE/Cake/Controller/Controller.php, line 952
Dispatcher::_invoke() - CORE/Cake/Routing/Dispatcher.php, line 194
Dispatcher::dispatch() - CORE/Cake/Routing/Dispatcher.php, line 162
[main] - APP/webroot/index.php, line 110

2015-10-17 20:59:36 Notice: Notice (8): Undefined variable: gig in [/home/vagrant/Repo/gigsmanager/app/View/Gigs/index.ctp, line 45]
Trace:
include - APP/View/Gigs/index.ctp, line 45
View::_evaluate() - CORE/Cake/View/View.php, line 931
View::_render() - CORE/Cake/View/View.php, line 893
View::render() - CORE/Cake/View/View.php, line 462
Controller::render() - CORE/Cake/Controller/Controller.php, line 952
Dispatcher::_invoke() - CORE/Cake/Routing/Dispatcher.php, line 194
Dispatcher::dispatch() - CORE/Cake/Routing/Dispatcher.php, line 162
[main] - APP/webroot/index.php, line 110

2015-10-17 20:59:36 Notice: Notice (8): Undefined variable: gig in [/home/vagrant/Repo/gigsmanager/app/View/Gigs/index.ctp, line 45]
Trace:
include - APP/View/Gigs/index.ctp, line 45
View::_evaluate() - CORE/Cake/View/View.php, line 931
View::_render() - CORE/Cake/View/View.php, line 893
View::render() - CORE/Cake/View/View.php, line 462
Controller::render() - CORE/Cake/Controller/Controller.php, line 952
Dispatcher::_invoke() - CORE/Cake/Routing/Dispatcher.php, line 194
Dispatcher::dispatch() - CORE/Cake/Routing/Dispatcher.php, line 162
[main] - APP/webroot/index.php, line 110

2015-10-17 20:59:37 Notice: Notice (8): Undefined variable: player in [/home/vagrant/Repo/gigsmanager/app/View/Players/index.ctp, line 29]
Trace:
include - APP/View/Players/index.ctp, line 29
View::_evaluate() - CORE/Cake/View/View.php, line 931
View::_render() - CORE/Cake/View/View.php, line 893
View::render() - CORE/Cake/View/View.php, line 462
Controller::render() - CORE/Cake/Controller/Controller.php, line 952
Dispatcher::_invoke() - CORE/Cake/Routing/Dispatcher.php, line 194
Dispatcher::dispatch() - CORE/Cake/Routing/Dispatcher.php, line 162
[main] - APP/webroot/index.php, line 110

2015-10-17 20:59:37 Notice: Notice (8): Undefined variable: player in [/home/vagrant/Repo/gigsmanager/app/View/Players/index.ctp, line 30]
Trace:
include - APP/View/Players/index.ctp, line 30
View::_evaluate() - CORE/Cake/View/View.php, line 931
View::_render() - CORE/Cake/View/View.php, line 893
View::render() - CORE/Cake/View/View.php, line 462
Controller::render() - CORE/Cake/Controller/Controller.php, line 952
Dispatcher::_invoke() - CORE/Cake/Routing/Dispatcher.php, line 194
Dispatcher::dispatch() - CORE/Cake/Routing/Dispatcher.php, line 162
[main] - APP/webroot/index.php, line 110

2015-10-17 20:59:37 Notice: Notice (8): Undefined variable: player in [/home/vagrant/Repo/gigsmanager/app/View/Players/index.ctp, line 31]
Trace:
include - APP/View/Players/index.ctp, line 31
View::_evaluate() - CORE/Cake/View/View.php, line 931
View::_render() - CORE/Cake/View/View.php, line 893
View::render() - CORE/Cake/View/View.php, line 462
Controller::render() - CORE/Cake/Controller/Controller.php, line 952
Dispatcher::_invoke() - CORE/Cake/Routing/Dispatcher.php, line 194
Dispatcher::dispatch() - CORE/Cake/Routing/Dispatcher.php, line 162
[main] - APP/webroot/index.php, line 110

2015-10-17 20:59:37 Notice: Notice (8): Undefined variable: player in [/home/vagrant/Repo/gigsmanager/app/View/Players/index.ctp, line 32]
Trace:
include - APP/View/Players/index.ctp, line 32
View::_evaluate() - CORE/Cake/View/View.php, line 931
View::_render() - CORE/Cake/View/View.php, line 893
View::render() - CORE/Cake/View/View.php, line 462
Controller::render() - CORE/Cake/Controller/Controller.php, line 952
Dispatcher::_invoke() - CORE/Cake/Routing/Dispatcher.php, line 194
Dispatcher::dispatch() - CORE/Cake/Routing/Dispatcher.php, line 162
[main] - APP/webroot/index.php, line 110

2015-10-17 20:59:37 Notice: Notice (8): Undefined variable: player in [/home/vagrant/Repo/gigsmanager/app/View/Players/index.ctp, line 34]
Trace:
include - APP/View/Players/index.ctp, line 34
View::_evaluate() - CORE/Cake/View/View.php, line 931
View::_render() - CORE/Cake/View/View.php, line 893
View::render() - CORE/Cake/View/View.php, line 462
Controller::render() - CORE/Cake/Controller/Controller.php, line 952
Dispatcher::_invoke() - CORE/Cake/Routing/Dispatcher.php, line 194
Dispatcher::dispatch() - CORE/Cake/Routing/Dispatcher.php, line 162
[main] - APP/webroot/index.php, line 110

2015-10-17 20:59:37 Notice: Notice (8): Undefined variable: player in [/home/vagrant/Repo/gigsmanager/app/View/Players/index.ctp, line 37]
Trace:
include - APP/View/Players/index.ctp, line 37
View::_evaluate() - CORE/Cake/View/View.php, line 931
View::_render() - CORE/Cake/View/View.php, line 893
View::render() - CORE/Cake/View/View.php, line 462
Controller::render() - CORE/Cake/Controller/Controller.php, line 952
Dispatcher::_invoke() - CORE/Cake/Routing/Dispatcher.php, line 194
Dispatcher::dispatch() - CORE/Cake/Routing/Dispatcher.php, line 162
[main] - APP/webroot/index.php, line 110

2015-10-17 20:59:37 Notice: Notice (8): Undefined variable: player in [/home/vagrant/Repo/gigsmanager/app/View/Players/index.ctp, line 40]
Trace:
include - APP/View/Players/index.ctp, line 40
View::_evaluate() - CORE/Cake/View/View.php, line 931
View::_render() - CORE/Cake/View/View.php, line 893
View::render() - CORE/Cake/View/View.php, line 462
Controller::render() - CORE/Cake/Controller/Controller.php, line 952
Dispatcher::_invoke() - CORE/Cake/Routing/Dispatcher.php, line 194
Dispatcher::dispatch() - CORE/Cake/Routing/Dispatcher.php, line 162
[main] - APP/webroot/index.php, line 110

2015-10-17 20:59:37 Notice: Notice (8): Undefined variable: player in [/home/vagrant/Repo/gigsmanager/app/View/Players/index.ctp, line 40]
Trace:
include - APP/View/Players/index.ctp, line 40
View::_evaluate() - CORE/Cake/View/View.php, line 931
View::_render() - CORE/Cake/View/View.php, line 893
View::render() - CORE/Cake/View/View.php, line 462
Controller::render() - CORE/Cake/Controller/Controller.php, line 952
Dispatcher::_invoke() - CORE/Cake/Routing/Dispatcher.php, line 194
Dispatcher::dispatch() - CORE/Cake/Routing/Dispatcher.php, line 162
[main] - APP/webroot/index.php, line 110

2015-10-17 20:59:38 Notice: Notice (8): Undefined variable: composer in [/home/vagrant/Repo/gigsmanager/app/View/Composers/index.ctp, line 30]
Trace:
include - APP/View/Composers/index.ctp, line 30
View::_evaluate() - CORE/Cake/View/View.php, line 931
View::_render() - CORE/Cake/View/View.php, line 893
View::render() - CORE/Cake/View/View.php, line 462
Controller::render() - CORE/Cake/Controller/Controller.php, line 952
Dispatcher::_invoke() - CORE/Cake/Routing/Dispatcher.php, line 194
Dispatcher::dispatch() - CORE/Cake/Routing/Dispatcher.php, line 162
[main] - APP/webroot/index.php, line 110

2015-10-17 20:59:38 Notice: Notice (8): Undefined variable: composer in [/home/vagrant/Repo/gigsmanager/app/View/Composers/index.ctp, line 31]
Trace:
include - APP/View/Composers/index.ctp, line 31
View::_evaluate() - CORE/Cake/View/View.php, line 931
View::_render() - CORE/Cake/View/View.php, line 893
View::render() - CORE/Cake/View/View.php, line 462
Controller::render() - CORE/Cake/Controller/Controller.php, line 952
Dispatcher::_invoke() - CORE/Cake/Routing/Dispatcher.php, line 194
Dispatcher::dispatch() - CORE/Cake/Routing/Dispatcher.php, line 162
[main] - APP/webroot/index.php, line 110

2015-10-17 20:59:38 Notice: Notice (8): Undefined variable: composer in [/home/vagrant/Repo/gigsmanager/app/View/Composers/index.ctp, line 32]
Trace:
include - APP/View/Composers/index.ctp, line 32
View::_evaluate() - CORE/Cake/View/View.php, line 931
View::_render() - CORE/Cake/View/View.php, line 893
View::render() - CORE/Cake/View/View.php, line 462
Controller::render() - CORE/Cake/Controller/Controller.php, line 952
Dispatcher::_invoke() - CORE/Cake/Routing/Dispatcher.php, line 194
Dispatcher::dispatch() - CORE/Cake/Routing/Dispatcher.php, line 162
[main] - APP/webroot/index.php, line 110

2015-10-17 20:59:38 Notice: Notice (8): Undefined variable: composer in [/home/vagrant/Repo/gigsmanager/app/View/Composers/index.ctp, line 34]
Trace:
include - APP/View/Composers/index.ctp, line 34
View::_evaluate() - CORE/Cake/View/View.php, line 931
View::_render() - CORE/Cake/View/View.php, line 893
View::render() - CORE/Cake/View/View.php, line 462
Controller::render() - CORE/Cake/Controller/Controller.php, line 952
Dispatcher::_invoke() - CORE/Cake/Routing/Dispatcher.php, line 194
Dispatcher::dispatch() - CORE/Cake/Routing/Dispatcher.php, line 162
[main] - APP/webroot/index.php, line 110

2015-10-17 20:59:38 Notice: Notice (8): Undefined variable: composer in [/home/vagrant/Repo/gigsmanager/app/View/Composers/index.ctp, line 37]
Trace:
include - APP/View/Composers/index.ctp, line 37
View::_evaluate() - CORE/Cake/View/View.php, line 931
View::_render() - CORE/Cake/View/View.php, line 893
View::render() - CORE/Cake/View/View.php, line 462
Controller::render() - CORE/Cake/Controller/Controller.php, line 952
Dispatcher::_invoke() - CORE/Cake/Routing/Dispatcher.php, line 194
Dispatcher::dispatch() - CORE/Cake/Routing/Dispatcher.php, line 162
[main] - APP/webroot/index.php, line 110

2015-10-17 20:59:38 Notice: Notice (8): Undefined variable: composer in [/home/vagrant/Repo/gigsmanager/app/View/Composers/index.ctp, line 40]
Trace:
include - APP/View/Composers/index.ctp, line 40
View::_evaluate() - CORE/Cake/View/View.php, line 931
View::_render() - CORE/Cake/View/View.php, line 893
View::render() - CORE/Cake/View/View.php, line 462
Controller::render() - CORE/Cake/Controller/Controller.php, line 952
Dispatcher::_invoke() - CORE/Cake/Routing/Dispatcher.php, line 194
Dispatcher::dispatch() - CORE/Cake/Routing/Dispatcher.php, line 162
[main] - APP/webroot/index.php, line 110

2015-10-17 20:59:38 Notice: Notice (8): Undefined variable: composer in [/home/vagrant/Repo/gigsmanager/app/View/Composers/index.ctp, line 40]
Trace:
include - APP/View/Composers/index.ctp, line 40
View::_evaluate() - CORE/Cake/View/View.php, line 931
View::_render() - CORE/Cake/View/View.php, line 893
View::render() - CORE/Cake/View/View.php, line 462
Controller::render() - CORE/Cake/Controller/Controller.php, line 952
Dispatcher::_invoke() - CORE/Cake/Routing/Dispatcher.php, line 194
Dispatcher::dispatch() - CORE/Cake/Routing/Dispatcher.php, line 162
[main] - APP/webroot/index.php, line 110

2015-10-17 20:59:39 Notice: Notice (8): Undefined variable: row in [/home/vagrant/Repo/gigsmanager/app/View/Stats/index.ctp, line 14]
Trace:
include - APP/View/Stats/index.ctp, line 14
View::_evaluate() - CORE/Cake/View/View.php, line 931
View::_render() - CORE/Cake/View/View.php, line 893
View::render() - CORE/Cake/View/View.php, line 462
Controller::render() - CORE/Cake/Controller/Controller.php, line 952
Dispatcher::_invoke() - CORE/Cake/Routing/Dispatcher.php, line 194
Dispatcher::dispatch() - CORE/Cake/Routing/Dispatcher.php, line 162
[main] - APP/webroot/index.php, line 110

2015-10-17 20:59:39 Notice: Notice (8): Undefined variable: row in [/home/vagrant/Repo/gigsmanager/app/View/Stats/index.ctp, line 14]
Trace:
include - APP/View/Stats/index.ctp, line 14
View::_evaluate() - CORE/Cake/View/View.php, line 931
View::_render() - CORE/Cake/View/View.php, line 893
View::render() - CORE/Cake/View/View.php, line 462
Controller::render() - CORE/Cake/Controller/Controller.php, line 952
Dispatcher::_invoke() - CORE/Cake/Routing/Dispatcher.php, line 194
Dispatcher::dispatch() - CORE/Cake/Routing/Dispatcher.php, line 162
[main] - APP/webroot/index.php, line 110

2015-10-17 20:59:39 Notice: Notice (8): Undefined variable: row in [/home/vagrant/Repo/gigsmanager/app/View/Stats/index.ctp, line 14]
Trace:
include - APP/View/Stats/index.ctp, line 14
View::_evaluate() - CORE/Cake/View/View.php, line 931
View::_render() - CORE/Cake/View/View.php, line 893
View::render() - CORE/Cake/View/View.php, line 462
Controller::render() - CORE/Cake/Controller/Controller.php, line 952
Dispatcher::_invoke() - CORE/Cake/Routing/Dispatcher.php, line 194
Dispatcher::dispatch() - CORE/Cake/Routing/Dispatcher.php, line 162
[main] - APP/webroot/index.php, line 110

2015-10-17 20:59:39 Notice: Notice (8): Undefined variable: row in [/home/vagrant/Repo/gigsmanager/app/View/Stats/index.ctp, line 22]
Trace:
include - APP/View/Stats/index.ctp, line 22
View::_evaluate() - CORE/Cake/View/View.php, line 931
View::_render() - CORE/Cake/View/View.php, line 893
View::render() - CORE/Cake/View/View.php, line 462
Controller::render() - CORE/Cake/Controller/Controller.php, line 952
Dispatcher::_invoke() - CORE/Cake/Routing/Dispatcher.php, line 194
Dispatcher::dispatch() - CORE/Cake/Routing/Dispatcher.php, line 162
[main] - APP/webroot/index.php, line 110

2015-10-17 20:59:39 Notice: Notice (8): Undefined variable: row in [/home/vagrant/Repo/gigsmanager/app/View/Stats/index.ctp, line 22]
Trace:
include - APP/View/Stats/index.ctp, line 22
View::_evaluate() - CORE/Cake/View/View.php, line 931
View::_render() - CORE/Cake/View/View.php, line 893
View::render() - CORE/Cake/View/View.php, line 462
Controller::render() - CORE/Cake/Controller/Controller.php, line 952
Dispatcher::_invoke() - CORE/Cake/Routing/Dispatcher.php, line 194
Dispatcher::dispatch() - CORE/Cake/Routing/Dispatcher.php, line 162
[main] - APP/webroot/index.php, line 110

2015-10-17 20:59:39 Notice: Notice (8): Undefined variable: row in [/home/vagrant/Repo/gigsmanager/app/View/Stats/index.ctp, line 22]
Trace:
include - APP/View/Stats/index.ctp, line 22
View::_evaluate() - CORE/Cake/View/View.php, line 931
View::_render() - CORE/Cake/View/View.php, line 893
View::render() - CORE/Cake/View/View.php, line 462
Controller::render() - CORE/Cake/Controller/Controller.php, line 952
Dispatcher::_invoke() - CORE/Cake/Routing/Dispatcher.php, line 194
Dispatcher::dispatch() - CORE/Cake/Routing/Dispatcher.php, line 162
[main] - APP/webroot/index.php, line 110

2015-10-17 20:59:40 Notice: Notice (8): Undefined variable: anno in [/home/vagrant/Repo/gigsmanager/app/View/Gigs/index.ctp, line 6]
Trace:
include - APP/View/Gigs/index.ctp, line 6
View::_evaluate() - CORE/Cake/View/View.php, line 931
View::_render() - CORE/Cake/View/View.php, line 893
View::render() - CORE/Cake/View/View.php, line 462
Controller::render() - CORE/Cake/Controller/Controller.php, line 952
Dispatcher::_invoke() - CORE/Cake/Routing/Dispatcher.php, line 194
Dispatcher::dispatch() - CORE/Cake/Routing/Dispatcher.php, line 162
[main] - APP/webroot/index.php, line 110

2015-10-17 20:59:40 Notice: Notice (8): Undefined variable: anno in [/home/vagrant/Repo/gigsmanager/app/View/Gigs/index.ctp, line 6]
Trace:
include - APP/View/Gigs/index.ctp, line 6
View::_evaluate() - CORE/Cake/View/View.php, line 931
View::_render() - CORE/Cake/View/View.php, line 893
View::render() - CORE/Cake/View/View.php, line 462
Controller::render() - CORE/Cake/Controller/Controller.php, line 952
Dispatcher::_invoke() - CORE/Cake/Routing/Dispatcher.php, line 194
Dispatcher::dispatch() - CORE/Cake/Routing/Dispatcher.php, line 162
[main] - APP/webroot/index.php, line 110

2015-10-17 20:59:40 Notice: Notice (8): Undefined variable: gig in [/home/vagrant/Repo/gigsmanager/app/View/Gigs/index.ctp, line 26]
Trace:
include - APP/View/Gigs/index.ctp, line 26
View::_evaluate() - CORE/Cake/View/View.php, line 931
View::_render() - CORE/Cake/View/View.php, line 893
View::render() - CORE/Cake/View/View.php, line 462
Controller::render() - CORE/Cake/Controller/Controller.php, line 952
Dispatcher::_invoke() - CORE/Cake/Routing/Dispatcher.php, line 194
Dispatcher::dispatch() - CORE/Cake/Routing/Dispatcher.php, line 162
[main] - APP/webroot/index.php, line 110

2015-10-17 20:59:40 Notice: Notice (8): Undefined variable: gig in [/home/vagrant/Repo/gigsmanager/app/View/Gigs/index.ctp, line 27]
Trace:
include - APP/View/Gigs/index.ctp, line 27
View::_evaluate() - CORE/Cake/View/View.php, line 931
View::_render() - CORE/Cake/View/View.php, line 893
View::render() - CORE/Cake/View/View.php, line 462
Controller::render() - CORE/Cake/Controller/Controller.php, line 952
Dispatcher::_invoke() - CORE/Cake/Routing/Dispatcher.php, line 194
Dispatcher::dispatch() - CORE/Cake/Routing/Dispatcher.php, line 162
[main] - APP/webroot/index.php, line 110

2015-10-17 20:59:40 Notice: Notice (8): Undefined variable: gig in [/home/vagrant/Repo/gigsmanager/app/View/Gigs/index.ctp, line 28]
Trace:
include - APP/View/Gigs/index.ctp, line 28
View::_evaluate() - CORE/Cake/View/View.php, line 931
View::_render() - CORE/Cake/View/View.php, line 893
View::render() - CORE/Cake/View/View.php, line 462
Controller::render() - CORE/Cake/Controller/Controller.php, line 952
Dispatcher::_invoke() - CORE/Cake/Routing/Dispatcher.php, line 194
Dispatcher::dispatch() - CORE/Cake/Routing/Dispatcher.php, line 162
[main] - APP/webroot/index.php, line 110

2015-10-17 20:59:40 Notice: Notice (8): Undefined variable: gig in [/home/vagrant/Repo/gigsmanager/app/View/Gigs/index.ctp, line 29]
Trace:
include - APP/View/Gigs/index.ctp, line 29
View::_evaluate() - CORE/Cake/View/View.php, line 931
View::_render() - CORE/Cake/View/View.php, line 893
View::render() - CORE/Cake/View/View.php, line 462
Controller::render() - CORE/Cake/Controller/Controller.php, line 952
Dispatcher::_invoke() - CORE/Cake/Routing/Dispatcher.php, line 194
Dispatcher::dispatch() - CORE/Cake/Routing/Dispatcher.php, line 162
[main] - APP/webroot/index.php, line 110

2015-10-17 20:59:40 Notice: Notice (8): Undefined variable: gig in [/home/vagrant/Repo/gigsmanager/app/View/Gigs/index.ctp, line 32]
Trace:
include - APP/View/Gigs/index.ctp, line 32
View::_evaluate() - CORE/Cake/View/View.php, line 931
View::_render() - CORE/Cake/View/View.php, line 893
View::render() - CORE/Cake/View/View.php, line 462
Controller::render() - CORE/Cake/Controller/Controller.php, line 952
Dispatcher::_invoke() - CORE/Cake/Routing/Dispatcher.php, line 194
Dispatcher::dispatch() - CORE/Cake/Routing/Dispatcher.php, line 162
[main] - APP/webroot/index.php, line 110

2015-10-17 20:59:40 Notice: Notice (8): Undefined variable: i in [/home/vagrant/Repo/gigsmanager/app/View/Gigs/index.ctp, line 32]
Trace:
include - APP/View/Gigs/index.ctp, line 32
View::_evaluate() - CORE/Cake/View/View.php, line 931
View::_render() - CORE/Cake/View/View.php, line 893
View::render() - CORE/Cake/View/View.php, line 462
Controller::render() - CORE/Cake/Controller/Controller.php, line 952
Dispatcher::_invoke() - CORE/Cake/Routing/Dispatcher.php, line 194
Dispatcher::dispatch() - CORE/Cake/Routing/Dispatcher.php, line 162
[main] - APP/webroot/index.php, line 110

2015-10-17 20:59:40 Notice: Notice (8): Undefined variable: gig in [/home/vagrant/Repo/gigsmanager/app/View/Gigs/index.ctp, line 32]
Trace:
include - APP/View/Gigs/index.ctp, line 32
View::_evaluate() - CORE/Cake/View/View.php, line 931
View::_render() - CORE/Cake/View/View.php, line 893
View::render() - CORE/Cake/View/View.php, line 462
Controller::render() - CORE/Cake/Controller/Controller.php, line 952
Dispatcher::_invoke() - CORE/Cake/Routing/Dispatcher.php, line 194
Dispatcher::dispatch() - CORE/Cake/Routing/Dispatcher.php, line 162
[main] - APP/webroot/index.php, line 110

2015-10-17 20:59:40 Notice: Notice (8): Undefined variable: i in [/home/vagrant/Repo/gigsmanager/app/View/Gigs/index.ctp, line 32]
Trace:
include - APP/View/Gigs/index.ctp, line 32
View::_evaluate() - CORE/Cake/View/View.php, line 931
View::_render() - CORE/Cake/View/View.php, line 893
View::render() - CORE/Cake/View/View.php, line 462
Controller::render() - CORE/Cake/Controller/Controller.php, line 952
Dispatcher::_invoke() - CORE/Cake/Routing/Dispatcher.php, line 194
Dispatcher::dispatch() - CORE/Cake/Routing/Dispatcher.php, line 162
[main] - APP/webroot/index.php, line 110

2015-10-17 20:59:40 Notice: Notice (8): Undefined variable: gig in [/home/vagrant/Repo/gigsmanager/app/View/Gigs/index.ctp, line 32]
Trace:
include - APP/View/Gigs/index.ctp, line 32
View::_evaluate() - CORE/Cake/View/View.php, line 931
View::_render() - CORE/Cake/View/View.php, line 893
View::render() - CORE/Cake/View/View.php, line 462
Controller::render() - CORE/Cake/Controller/Controller.php, line 952
Dispatcher::_invoke() - CORE/Cake/Routing/Dispatcher.php, line 194
Dispatcher::dispatch() - CORE/Cake/Routing/Dispatcher.php, line 162
[main] - APP/webroot/index.php, line 110

2015-10-17 20:59:40 Notice: Notice (8): Undefined variable: i in [/home/vagrant/Repo/gigsmanager/app/View/Gigs/index.ctp, line 32]
Trace:
include - APP/View/Gigs/index.ctp, line 32
View::_evaluate() - CORE/Cake/View/View.php, line 931
View::_render() - CORE/Cake/View/View.php, line 893
View::render() - CORE/Cake/View/View.php, line 462
Controller::render() - CORE/Cake/Controller/Controller.php, line 952
Dispatcher::_invoke() - CORE/Cake/Routing/Dispatcher.php, line 194
Dispatcher::dispatch() - CORE/Cake/Routing/Dispatcher.php, line 162
[main] - APP/webroot/index.php, line 110

2015-10-17 20:59:40 Notice: Notice (8): Undefined variable: gig in [/home/vagrant/Repo/gigsmanager/app/View/Gigs/index.ctp, line 36]
Trace:
include - APP/View/Gigs/index.ctp, line 36
View::_evaluate() - CORE/Cake/View/View.php, line 931
View::_render() - CORE/Cake/View/View.php, line 893
View::render() - CORE/Cake/View/View.php, line 462
Controller::render() - CORE/Cake/Controller/Controller.php, line 952
Dispatcher::_invoke() - CORE/Cake/Routing/Dispatcher.php, line 194
Dispatcher::dispatch() - CORE/Cake/Routing/Dispatcher.php, line 162
[main] - APP/webroot/index.php, line 110

2015-10-17 20:59:40 Notice: Notice (8): Undefined variable: gig in [/home/vagrant/Repo/gigsmanager/app/View/Gigs/index.ctp, line 39]
Trace:
include - APP/View/Gigs/index.ctp, line 39
View::_evaluate() - CORE/Cake/View/View.php, line 931
View::_render() - CORE/Cake/View/View.php, line 893
View::render() - CORE/Cake/View/View.php, line 462
Controller::render() - CORE/Cake/Controller/Controller.php, line 952
Dispatcher::_invoke() - CORE/Cake/Routing/Dispatcher.php, line 194
Dispatcher::dispatch() - CORE/Cake/Routing/Dispatcher.php, line 162
[main] - APP/webroot/index.php, line 110

2015-10-17 20:59:40 Notice: Notice (8): Undefined variable: gig in [/home/vagrant/Repo/gigsmanager/app/View/Gigs/index.ctp, line 42]
Trace:
include - APP/View/Gigs/index.ctp, line 42
View::_evaluate() - CORE/Cake/View/View.php, line 931
View::_render() - CORE/Cake/View/View.php, line 893
View::render() - CORE/Cake/View/View.php, line 462
Controller::render() - CORE/Cake/Controller/Controller.php, line 952
Dispatcher::_invoke() - CORE/Cake/Routing/Dispatcher.php, line 194
Dispatcher::dispatch() - CORE/Cake/Routing/Dispatcher.php, line 162
[main] - APP/webroot/index.php, line 110

2015-10-17 20:59:40 Notice: Notice (8): Undefined variable: gig in [/home/vagrant/Repo/gigsmanager/app/View/Gigs/index.ctp, line 45]
Trace:
include - APP/View/Gigs/index.ctp, line 45
View::_evaluate() - CORE/Cake/View/View.php, line 931
View::_render() - CORE/Cake/View/View.php, line 893
View::render() - CORE/Cake/View/View.php, line 462
Controller::render() - CORE/Cake/Controller/Controller.php, line 952
Dispatcher::_invoke() - CORE/Cake/Routing/Dispatcher.php, line 194
Dispatcher::dispatch() - CORE/Cake/Routing/Dispatcher.php, line 162
[main] - APP/webroot/index.php, line 110

2015-10-17 20:59:40 Notice: Notice (8): Undefined variable: gig in [/home/vagrant/Repo/gigsmanager/app/View/Gigs/index.ctp, line 45]
Trace:
include - APP/View/Gigs/index.ctp, line 45
View::_evaluate() - CORE/Cake/View/View.php, line 931
View::_render() - CORE/Cake/View/View.php, line 893
View::render() - CORE/Cake/View/View.php, line 462
Controller::render() - CORE/Cake/Controller/Controller.php, line 952
Dispatcher::_invoke() - CORE/Cake/Routing/Dispatcher.php, line 194
Dispatcher::dispatch() - CORE/Cake/Routing/Dispatcher.php, line 162
[main] - APP/webroot/index.php, line 110

2015-10-17 20:59:43 Notice: Notice (8): Undefined variable: anno in [/home/vagrant/Repo/gigsmanager/app/View/Gigs/index.ctp, line 6]
Trace:
include - APP/View/Gigs/index.ctp, line 6
View::_evaluate() - CORE/Cake/View/View.php, line 931
View::_render() - CORE/Cake/View/View.php, line 893
View::render() - CORE/Cake/View/View.php, line 462
Controller::render() - CORE/Cake/Controller/Controller.php, line 952
Dispatcher::_invoke() - CORE/Cake/Routing/Dispatcher.php, line 194
Dispatcher::dispatch() - CORE/Cake/Routing/Dispatcher.php, line 162
[main] - APP/webroot/index.php, line 110

2015-10-17 20:59:43 Notice: Notice (8): Undefined variable: anno in [/home/vagrant/Repo/gigsmanager/app/View/Gigs/index.ctp, line 6]
Trace:
include - APP/View/Gigs/index.ctp, line 6
View::_evaluate() - CORE/Cake/View/View.php, line 931
View::_render() - CORE/Cake/View/View.php, line 893
View::render() - CORE/Cake/View/View.php, line 462
Controller::render() - CORE/Cake/Controller/Controller.php, line 952
Dispatcher::_invoke() - CORE/Cake/Routing/Dispatcher.php, line 194
Dispatcher::dispatch() - CORE/Cake/Routing/Dispatcher.php, line 162
[main] - APP/webroot/index.php, line 110

2015-10-17 20:59:43 Notice: Notice (8): Undefined variable: gig in [/home/vagrant/Repo/gigsmanager/app/View/Gigs/index.ctp, line 26]
Trace:
include - APP/View/Gigs/index.ctp, line 26
View::_evaluate() - CORE/Cake/View/View.php, line 931
View::_render() - CORE/Cake/View/View.php, line 893
View::render() - CORE/Cake/View/View.php, line 462
Controller::render() - CORE/Cake/Controller/Controller.php, line 952
Dispatcher::_invoke() - CORE/Cake/Routing/Dispatcher.php, line 194
Dispatcher::dispatch() - CORE/Cake/Routing/Dispatcher.php, line 162
[main] - APP/webroot/index.php, line 110

2015-10-17 20:59:43 Notice: Notice (8): Undefined variable: gig in [/home/vagrant/Repo/gigsmanager/app/View/Gigs/index.ctp, line 27]
Trace:
include - APP/View/Gigs/index.ctp, line 27
View::_evaluate() - CORE/Cake/View/View.php, line 931
View::_render() - CORE/Cake/View/View.php, line 893
View::render() - CORE/Cake/View/View.php, line 462
Controller::render() - CORE/Cake/Controller/Controller.php, line 952
Dispatcher::_invoke() - CORE/Cake/Routing/Dispatcher.php, line 194
Dispatcher::dispatch() - CORE/Cake/Routing/Dispatcher.php, line 162
[main] - APP/webroot/index.php, line 110

2015-10-17 20:59:43 Notice: Notice (8): Undefined variable: gig in [/home/vagrant/Repo/gigsmanager/app/View/Gigs/index.ctp, line 28]
Trace:
include - APP/View/Gigs/index.ctp, line 28
View::_evaluate() - CORE/Cake/View/View.php, line 931
View::_render() - CORE/Cake/View/View.php, line 893
View::render() - CORE/Cake/View/View.php, line 462
Controller::render() - CORE/Cake/Controller/Controller.php, line 952
Dispatcher::_invoke() - CORE/Cake/Routing/Dispatcher.php, line 194
Dispatcher::dispatch() - CORE/Cake/Routing/Dispatcher.php, line 162
[main] - APP/webroot/index.php, line 110

2015-10-17 20:59:43 Notice: Notice (8): Undefined variable: gig in [/home/vagrant/Repo/gigsmanager/app/View/Gigs/index.ctp, line 29]
Trace:
include - APP/View/Gigs/index.ctp, line 29
View::_evaluate() - CORE/Cake/View/View.php, line 931
View::_render() - CORE/Cake/View/View.php, line 893
View::render() - CORE/Cake/View/View.php, line 462
Controller::render() - CORE/Cake/Controller/Controller.php, line 952
Dispatcher::_invoke() - CORE/Cake/Routing/Dispatcher.php, line 194
Dispatcher::dispatch() - CORE/Cake/Routing/Dispatcher.php, line 162
[main] - APP/webroot/index.php, line 110

2015-10-17 20:59:43 Notice: Notice (8): Undefined variable: gig in [/home/vagrant/Repo/gigsmanager/app/View/Gigs/index.ctp, line 32]
Trace:
include - APP/View/Gigs/index.ctp, line 32
View::_evaluate() - CORE/Cake/View/View.php, line 931
View::_render() - CORE/Cake/View/View.php, line 893
View::render() - CORE/Cake/View/View.php, line 462
Controller::render() - CORE/Cake/Controller/Controller.php, line 952
Dispatcher::_invoke() - CORE/Cake/Routing/Dispatcher.php, line 194
Dispatcher::dispatch() - CORE/Cake/Routing/Dispatcher.php, line 162
[main] - APP/webroot/index.php, line 110

2015-10-17 20:59:43 Notice: Notice (8): Undefined variable: i in [/home/vagrant/Repo/gigsmanager/app/View/Gigs/index.ctp, line 32]
Trace:
include - APP/View/Gigs/index.ctp, line 32
View::_evaluate() - CORE/Cake/View/View.php, line 931
View::_render() - CORE/Cake/View/View.php, line 893
View::render() - CORE/Cake/View/View.php, line 462
Controller::render() - CORE/Cake/Controller/Controller.php, line 952
Dispatcher::_invoke() - CORE/Cake/Routing/Dispatcher.php, line 194
Dispatcher::dispatch() - CORE/Cake/Routing/Dispatcher.php, line 162
[main] - APP/webroot/index.php, line 110

2015-10-17 20:59:43 Notice: Notice (8): Undefined variable: gig in [/home/vagrant/Repo/gigsmanager/app/View/Gigs/index.ctp, line 32]
Trace:
include - APP/View/Gigs/index.ctp, line 32
View::_evaluate() - CORE/Cake/View/View.php, line 931
View::_render() - CORE/Cake/View/View.php, line 893
View::render() - CORE/Cake/View/View.php, line 462
Controller::render() - CORE/Cake/Controller/Controller.php, line 952
Dispatcher::_invoke() - CORE/Cake/Routing/Dispatcher.php, line 194
Dispatcher::dispatch() - CORE/Cake/Routing/Dispatcher.php, line 162
[main] - APP/webroot/index.php, line 110

2015-10-17 20:59:43 Notice: Notice (8): Undefined variable: i in [/home/vagrant/Repo/gigsmanager/app/View/Gigs/index.ctp, line 32]
Trace:
include - APP/View/Gigs/index.ctp, line 32
View::_evaluate() - CORE/Cake/View/View.php, line 931
View::_render() - CORE/Cake/View/View.php, line 893
View::render() - CORE/Cake/View/View.php, line 462
Controller::render() - CORE/Cake/Controller/Controller.php, line 952
Dispatcher::_invoke() - CORE/Cake/Routing/Dispatcher.php, line 194
Dispatcher::dispatch() - CORE/Cake/Routing/Dispatcher.php, line 162
[main] - APP/webroot/index.php, line 110

2015-10-17 20:59:43 Notice: Notice (8): Undefined variable: gig in [/home/vagrant/Repo/gigsmanager/app/View/Gigs/index.ctp, line 32]
Trace:
include - APP/View/Gigs/index.ctp, line 32
View::_evaluate() - CORE/Cake/View/View.php, line 931
View::_render() - CORE/Cake/View/View.php, line 893
View::render() - CORE/Cake/View/View.php, line 462
Controller::render() - CORE/Cake/Controller/Controller.php, line 952
Dispatcher::_invoke() - CORE/Cake/Routing/Dispatcher.php, line 194
Dispatcher::dispatch() - CORE/Cake/Routing/Dispatcher.php, line 162
[main] - APP/webroot/index.php, line 110

2015-10-17 20:59:43 Notice: Notice (8): Undefined variable: i in [/home/vagrant/Repo/gigsmanager/app/View/Gigs/index.ctp, line 32]
Trace:
include - APP/View/Gigs/index.ctp, line 32
View::_evaluate() - CORE/Cake/View/View.php, line 931
View::_render() - CORE/Cake/View/View.php, line 893
View::render() - CORE/Cake/View/View.php, line 462
Controller::render() - CORE/Cake/Controller/Controller.php, line 952
Dispatcher::_invoke() - CORE/Cake/Routing/Dispatcher.php, line 194
Dispatcher::dispatch() - CORE/Cake/Routing/Dispatcher.php, line 162
[main] - APP/webroot/index.php, line 110

2015-10-17 20:59:43 Notice: Notice (8): Undefined variable: gig in [/home/vagrant/Repo/gigsmanager/app/View/Gigs/index.ctp, line 36]
Trace:
include - APP/View/Gigs/index.ctp, line 36
View::_evaluate() - CORE/Cake/View/View.php, line 931
View::_render() - CORE/Cake/View/View.php, line 893
View::render() - CORE/Cake/View/View.php, line 462
Controller::render() - CORE/Cake/Controller/Controller.php, line 952
Dispatcher::_invoke() - CORE/Cake/Routing/Dispatcher.php, line 194
Dispatcher::dispatch() - CORE/Cake/Routing/Dispatcher.php, line 162
[main] - APP/webroot/index.php, line 110

2015-10-17 20:59:43 Notice: Notice (8): Undefined variable: gig in [/home/vagrant/Repo/gigsmanager/app/View/Gigs/index.ctp, line 39]
Trace:
include - APP/View/Gigs/index.ctp, line 39
View::_evaluate() - CORE/Cake/View/View.php, line 931
View::_render() - CORE/Cake/View/View.php, line 893
View::render() - CORE/Cake/View/View.php, line 462
Controller::render() - CORE/Cake/Controller/Controller.php, line 952
Dispatcher::_invoke() - CORE/Cake/Routing/Dispatcher.php, line 194
Dispatcher::dispatch() - CORE/Cake/Routing/Dispatcher.php, line 162
[main] - APP/webroot/index.php, line 110

2015-10-17 20:59:43 Notice: Notice (8): Undefined variable: gig in [/home/vagrant/Repo/gigsmanager/app/View/Gigs/index.ctp, line 42]
Trace:
include - APP/View/Gigs/index.ctp, line 42
View::_evaluate() - CORE/Cake/View/View.php, line 931
View::_render() - CORE/Cake/View/View.php, line 893
View::render() - CORE/Cake/View/View.php, line 462
Controller::render() - CORE/Cake/Controller/Controller.php, line 952
Dispatcher::_invoke() - CORE/Cake/Routing/Dispatcher.php, line 194
Dispatcher::dispatch() - CORE/Cake/Routing/Dispatcher.php, line 162
[main] - APP/webroot/index.php, line 110

2015-10-17 20:59:43 Notice: Notice (8): Undefined variable: gig in [/home/vagrant/Repo/gigsmanager/app/View/Gigs/index.ctp, line 45]
Trace:
include - APP/View/Gigs/index.ctp, line 45
View::_evaluate() - CORE/Cake/View/View.php, line 931
View::_render() - CORE/Cake/View/View.php, line 893
View::render() - CORE/Cake/View/View.php, line 462
Controller::render() - CORE/Cake/Controller/Controller.php, line 952
Dispatcher::_invoke() - CORE/Cake/Routing/Dispatcher.php, line 194
Dispatcher::dispatch() - CORE/Cake/Routing/Dispatcher.php, line 162
[main] - APP/webroot/index.php, line 110

2015-10-17 20:59:43 Notice: Notice (8): Undefined variable: gig in [/home/vagrant/Repo/gigsmanager/app/View/Gigs/index.ctp, line 45]
Trace:
include - APP/View/Gigs/index.ctp, line 45
View::_evaluate() - CORE/Cake/View/View.php, line 931
View::_render() - CORE/Cake/View/View.php, line 893
View::render() - CORE/Cake/View/View.php, line 462
Controller::render() - CORE/Cake/Controller/Controller.php, line 952
Dispatcher::_invoke() - CORE/Cake/Routing/Dispatcher.php, line 194
Dispatcher::dispatch() - CORE/Cake/Routing/Dispatcher.php, line 162
[main] - APP/webroot/index.php, line 110

2015-10-17 20:59:44 Notice: Notice (8): Undefined variable: anno in [/home/vagrant/Repo/gigsmanager/app/View/Gigs/index.ctp, line 6]
Trace:
include - APP/View/Gigs/index.ctp, line 6
View::_evaluate() - CORE/Cake/View/View.php, line 931
View::_render() - CORE/Cake/View/View.php, line 893
View::render() - CORE/Cake/View/View.php, line 462
Controller::render() - CORE/Cake/Controller/Controller.php, line 952
Dispatcher::_invoke() - CORE/Cake/Routing/Dispatcher.php, line 194
Dispatcher::dispatch() - CORE/Cake/Routing/Dispatcher.php, line 162
[main] - APP/webroot/index.php, line 110

2015-10-17 20:59:44 Notice: Notice (8): Undefined variable: anno in [/home/vagrant/Repo/gigsmanager/app/View/Gigs/index.ctp, line 6]
Trace:
include - APP/View/Gigs/index.ctp, line 6
View::_evaluate() - CORE/Cake/View/View.php, line 931
View::_render() - CORE/Cake/View/View.php, line 893
View::render() - CORE/Cake/View/View.php, line 462
Controller::render() - CORE/Cake/Controller/Controller.php, line 952
Dispatcher::_invoke() - CORE/Cake/Routing/Dispatcher.php, line 194
Dispatcher::dispatch() - CORE/Cake/Routing/Dispatcher.php, line 162
[main] - APP/webroot/index.php, line 110

2015-10-17 20:59:44 Notice: Notice (8): Undefined variable: gig in [/home/vagrant/Repo/gigsmanager/app/View/Gigs/index.ctp, line 26]
Trace:
include - APP/View/Gigs/index.ctp, line 26
View::_evaluate() - CORE/Cake/View/View.php, line 931
View::_render() - CORE/Cake/View/View.php, line 893
View::render() - CORE/Cake/View/View.php, line 462
Controller::render() - CORE/Cake/Controller/Controller.php, line 952
Dispatcher::_invoke() - CORE/Cake/Routing/Dispatcher.php, line 194
Dispatcher::dispatch() - CORE/Cake/Routing/Dispatcher.php, line 162
[main] - APP/webroot/index.php, line 110

2015-10-17 20:59:44 Notice: Notice (8): Undefined variable: gig in [/home/vagrant/Repo/gigsmanager/app/View/Gigs/index.ctp, line 27]
Trace:
include - APP/View/Gigs/index.ctp, line 27
View::_evaluate() - CORE/Cake/View/View.php, line 931
View::_render() - CORE/Cake/View/View.php, line 893
View::render() - CORE/Cake/View/View.php, line 462
Controller::render() - CORE/Cake/Controller/Controller.php, line 952
Dispatcher::_invoke() - CORE/Cake/Routing/Dispatcher.php, line 194
Dispatcher::dispatch() - CORE/Cake/Routing/Dispatcher.php, line 162
[main] - APP/webroot/index.php, line 110

2015-10-17 20:59:44 Notice: Notice (8): Undefined variable: gig in [/home/vagrant/Repo/gigsmanager/app/View/Gigs/index.ctp, line 28]
Trace:
include - APP/View/Gigs/index.ctp, line 28
View::_evaluate() - CORE/Cake/View/View.php, line 931
View::_render() - CORE/Cake/View/View.php, line 893
View::render() - CORE/Cake/View/View.php, line 462
Controller::render() - CORE/Cake/Controller/Controller.php, line 952
Dispatcher::_invoke() - CORE/Cake/Routing/Dispatcher.php, line 194
Dispatcher::dispatch() - CORE/Cake/Routing/Dispatcher.php, line 162
[main] - APP/webroot/index.php, line 110

2015-10-17 20:59:44 Notice: Notice (8): Undefined variable: gig in [/home/vagrant/Repo/gigsmanager/app/View/Gigs/index.ctp, line 29]
Trace:
include - APP/View/Gigs/index.ctp, line 29
View::_evaluate() - CORE/Cake/View/View.php, line 931
View::_render() - CORE/Cake/View/View.php, line 893
View::render() - CORE/Cake/View/View.php, line 462
Controller::render() - CORE/Cake/Controller/Controller.php, line 952
Dispatcher::_invoke() - CORE/Cake/Routing/Dispatcher.php, line 194
Dispatcher::dispatch() - CORE/Cake/Routing/Dispatcher.php, line 162
[main] - APP/webroot/index.php, line 110

2015-10-17 20:59:44 Notice: Notice (8): Undefined variable: gig in [/home/vagrant/Repo/gigsmanager/app/View/Gigs/index.ctp, line 32]
Trace:
include - APP/View/Gigs/index.ctp, line 32
View::_evaluate() - CORE/Cake/View/View.php, line 931
View::_render() - CORE/Cake/View/View.php, line 893
View::render() - CORE/Cake/View/View.php, line 462
Controller::render() - CORE/Cake/Controller/Controller.php, line 952
Dispatcher::_invoke() - CORE/Cake/Routing/Dispatcher.php, line 194
Dispatcher::dispatch() - CORE/Cake/Routing/Dispatcher.php, line 162
[main] - APP/webroot/index.php, line 110

2015-10-17 20:59:44 Notice: Notice (8): Undefined variable: i in [/home/vagrant/Repo/gigsmanager/app/View/Gigs/index.ctp, line 32]
Trace:
include - APP/View/Gigs/index.ctp, line 32
View::_evaluate() - CORE/Cake/View/View.php, line 931
View::_render() - CORE/Cake/View/View.php, line 893
View::render() - CORE/Cake/View/View.php, line 462
Controller::render() - CORE/Cake/Controller/Controller.php, line 952
Dispatcher::_invoke() - CORE/Cake/Routing/Dispatcher.php, line 194
Dispatcher::dispatch() - CORE/Cake/Routing/Dispatcher.php, line 162
[main] - APP/webroot/index.php, line 110

2015-10-17 20:59:44 Notice: Notice (8): Undefined variable: gig in [/home/vagrant/Repo/gigsmanager/app/View/Gigs/index.ctp, line 32]
Trace:
include - APP/View/Gigs/index.ctp, line 32
View::_evaluate() - CORE/Cake/View/View.php, line 931
View::_render() - CORE/Cake/View/View.php, line 893
View::render() - CORE/Cake/View/View.php, line 462
Controller::render() - CORE/Cake/Controller/Controller.php, line 952
Dispatcher::_invoke() - CORE/Cake/Routing/Dispatcher.php, line 194
Dispatcher::dispatch() - CORE/Cake/Routing/Dispatcher.php, line 162
[main] - APP/webroot/index.php, line 110

2015-10-17 20:59:44 Notice: Notice (8): Undefined variable: i in [/home/vagrant/Repo/gigsmanager/app/View/Gigs/index.ctp, line 32]
Trace:
include - APP/View/Gigs/index.ctp, line 32
View::_evaluate() - CORE/Cake/View/View.php, line 931
View::_render() - CORE/Cake/View/View.php, line 893
View::render() - CORE/Cake/View/View.php, line 462
Controller::render() - CORE/Cake/Controller/Controller.php, line 952
Dispatcher::_invoke() - CORE/Cake/Routing/Dispatcher.php, line 194
Dispatcher::dispatch() - CORE/Cake/Routing/Dispatcher.php, line 162
[main] - APP/webroot/index.php, line 110

2015-10-17 20:59:44 Notice: Notice (8): Undefined variable: gig in [/home/vagrant/Repo/gigsmanager/app/View/Gigs/index.ctp, line 32]
Trace:
include - APP/View/Gigs/index.ctp, line 32
View::_evaluate() - CORE/Cake/View/View.php, line 931
View::_render() - CORE/Cake/View/View.php, line 893
View::render() - CORE/Cake/View/View.php, line 462
Controller::render() - CORE/Cake/Controller/Controller.php, line 952
Dispatcher::_invoke() - CORE/Cake/Routing/Dispatcher.php, line 194
Dispatcher::dispatch() - CORE/Cake/Routing/Dispatcher.php, line 162
[main] - APP/webroot/index.php, line 110

2015-10-17 20:59:44 Notice: Notice (8): Undefined variable: i in [/home/vagrant/Repo/gigsmanager/app/View/Gigs/index.ctp, line 32]
Trace:
include - APP/View/Gigs/index.ctp, line 32
View::_evaluate() - CORE/Cake/View/View.php, line 931
View::_render() - CORE/Cake/View/View.php, line 893
View::render() - CORE/Cake/View/View.php, line 462
Controller::render() - CORE/Cake/Controller/Controller.php, line 952
Dispatcher::_invoke() - CORE/Cake/Routing/Dispatcher.php, line 194
Dispatcher::dispatch() - CORE/Cake/Routing/Dispatcher.php, line 162
[main] - APP/webroot/index.php, line 110

2015-10-17 20:59:44 Notice: Notice (8): Undefined variable: gig in [/home/vagrant/Repo/gigsmanager/app/View/Gigs/index.ctp, line 36]
Trace:
include - APP/View/Gigs/index.ctp, line 36
View::_evaluate() - CORE/Cake/View/View.php, line 931
View::_render() - CORE/Cake/View/View.php, line 893
View::render() - CORE/Cake/View/View.php, line 462
Controller::render() - CORE/Cake/Controller/Controller.php, line 952
Dispatcher::_invoke() - CORE/Cake/Routing/Dispatcher.php, line 194
Dispatcher::dispatch() - CORE/Cake/Routing/Dispatcher.php, line 162
[main] - APP/webroot/index.php, line 110

2015-10-17 20:59:44 Notice: Notice (8): Undefined variable: gig in [/home/vagrant/Repo/gigsmanager/app/View/Gigs/index.ctp, line 39]
Trace:
include - APP/View/Gigs/index.ctp, line 39
View::_evaluate() - CORE/Cake/View/View.php, line 931
View::_render() - CORE/Cake/View/View.php, line 893
View::render() - CORE/Cake/View/View.php, line 462
Controller::render() - CORE/Cake/Controller/Controller.php, line 952
Dispatcher::_invoke() - CORE/Cake/Routing/Dispatcher.php, line 194
Dispatcher::dispatch() - CORE/Cake/Routing/Dispatcher.php, line 162
[main] - APP/webroot/index.php, line 110

2015-10-17 20:59:44 Notice: Notice (8): Undefined variable: gig in [/home/vagrant/Repo/gigsmanager/app/View/Gigs/index.ctp, line 42]
Trace:
include - APP/View/Gigs/index.ctp, line 42
View::_evaluate() - CORE/Cake/View/View.php, line 931
View::_render() - CORE/Cake/View/View.php, line 893
View::render() - CORE/Cake/View/View.php, line 462
Controller::render() - CORE/Cake/Controller/Controller.php, line 952
Dispatcher::_invoke() - CORE/Cake/Routing/Dispatcher.php, line 194
Dispatcher::dispatch() - CORE/Cake/Routing/Dispatcher.php, line 162
[main] - APP/webroot/index.php, line 110

2015-10-17 20:59:44 Notice: Notice (8): Undefined variable: gig in [/home/vagrant/Repo/gigsmanager/app/View/Gigs/index.ctp, line 45]
Trace:
include - APP/View/Gigs/index.ctp, line 45
View::_evaluate() - CORE/Cake/View/View.php, line 931
View::_render() - CORE/Cake/View/View.php, line 893
View::render() - CORE/Cake/View/View.php, line 462
Controller::render() - CORE/Cake/Controller/Controller.php, line 952
Dispatcher::_invoke() - CORE/Cake/Routing/Dispatcher.php, line 194
Dispatcher::dispatch() - CORE/Cake/Routing/Dispatcher.php, line 162
[main] - APP/webroot/index.php, line 110

2015-10-17 20:59:44 Notice: Notice (8): Undefined variable: gig in [/home/vagrant/Repo/gigsmanager/app/View/Gigs/index.ctp, line 45]
Trace:
include - APP/View/Gigs/index.ctp, line 45
View::_evaluate() - CORE/Cake/View/View.php, line 931
View::_render() - CORE/Cake/View/View.php, line 893
View::render() - CORE/Cake/View/View.php, line 462
Controller::render() - CORE/Cake/Controller/Controller.php, line 952
Dispatcher::_invoke() - CORE/Cake/Routing/Dispatcher.php, line 194
Dispatcher::dispatch() - CORE/Cake/Routing/Dispatcher.php, line 162
[main] - APP/webroot/index.php, line 110

2015-10-17 20:59:44 Notice: Notice (8): Undefined variable: anno in [/home/vagrant/Repo/gigsmanager/app/View/Gigs/index.ctp, line 6]
Trace:
include - APP/View/Gigs/index.ctp, line 6
View::_evaluate() - CORE/Cake/View/View.php, line 931
View::_render() - CORE/Cake/View/View.php, line 893
View::render() - CORE/Cake/View/View.php, line 462
Controller::render() - CORE/Cake/Controller/Controller.php, line 952
Dispatcher::_invoke() - CORE/Cake/Routing/Dispatcher.php, line 194
Dispatcher::dispatch() - CORE/Cake/Routing/Dispatcher.php, line 162
[main] - APP/webroot/index.php, line 110

2015-10-17 20:59:44 Notice: Notice (8): Undefined variable: anno in [/home/vagrant/Repo/gigsmanager/app/View/Gigs/index.ctp, line 6]
Trace:
include - APP/View/Gigs/index.ctp, line 6
View::_evaluate() - CORE/Cake/View/View.php, line 931
View::_render() - CORE/Cake/View/View.php, line 893
View::render() - CORE/Cake/View/View.php, line 462
Controller::render() - CORE/Cake/Controller/Controller.php, line 952
Dispatcher::_invoke() - CORE/Cake/Routing/Dispatcher.php, line 194
Dispatcher::dispatch() - CORE/Cake/Routing/Dispatcher.php, line 162
[main] - APP/webroot/index.php, line 110

2015-10-17 20:59:44 Notice: Notice (8): Undefined variable: gig in [/home/vagrant/Repo/gigsmanager/app/View/Gigs/index.ctp, line 26]
Trace:
include - APP/View/Gigs/index.ctp, line 26
View::_evaluate() - CORE/Cake/View/View.php, line 931
View::_render() - CORE/Cake/View/View.php, line 893
View::render() - CORE/Cake/View/View.php, line 462
Controller::render() - CORE/Cake/Controller/Controller.php, line 952
Dispatcher::_invoke() - CORE/Cake/Routing/Dispatcher.php, line 194
Dispatcher::dispatch() - CORE/Cake/Routing/Dispatcher.php, line 162
[main] - APP/webroot/index.php, line 110

2015-10-17 20:59:44 Notice: Notice (8): Undefined variable: gig in [/home/vagrant/Repo/gigsmanager/app/View/Gigs/index.ctp, line 27]
Trace:
include - APP/View/Gigs/index.ctp, line 27
View::_evaluate() - CORE/Cake/View/View.php, line 931
View::_render() - CORE/Cake/View/View.php, line 893
View::render() - CORE/Cake/View/View.php, line 462
Controller::render() - CORE/Cake/Controller/Controller.php, line 952
Dispatcher::_invoke() - CORE/Cake/Routing/Dispatcher.php, line 194
Dispatcher::dispatch() - CORE/Cake/Routing/Dispatcher.php, line 162
[main] - APP/webroot/index.php, line 110

2015-10-17 20:59:44 Notice: Notice (8): Undefined variable: gig in [/home/vagrant/Repo/gigsmanager/app/View/Gigs/index.ctp, line 28]
Trace:
include - APP/View/Gigs/index.ctp, line 28
View::_evaluate() - CORE/Cake/View/View.php, line 931
View::_render() - CORE/Cake/View/View.php, line 893
View::render() - CORE/Cake/View/View.php, line 462
Controller::render() - CORE/Cake/Controller/Controller.php, line 952
Dispatcher::_invoke() - CORE/Cake/Routing/Dispatcher.php, line 194
Dispatcher::dispatch() - CORE/Cake/Routing/Dispatcher.php, line 162
[main] - APP/webroot/index.php, line 110

2015-10-17 20:59:44 Notice: Notice (8): Undefined variable: gig in [/home/vagrant/Repo/gigsmanager/app/View/Gigs/index.ctp, line 29]
Trace:
include - APP/View/Gigs/index.ctp, line 29
View::_evaluate() - CORE/Cake/View/View.php, line 931
View::_render() - CORE/Cake/View/View.php, line 893
View::render() - CORE/Cake/View/View.php, line 462
Controller::render() - CORE/Cake/Controller/Controller.php, line 952
Dispatcher::_invoke() - CORE/Cake/Routing/Dispatcher.php, line 194
Dispatcher::dispatch() - CORE/Cake/Routing/Dispatcher.php, line 162
[main] - APP/webroot/index.php, line 110

2015-10-17 20:59:44 Notice: Notice (8): Undefined variable: gig in [/home/vagrant/Repo/gigsmanager/app/View/Gigs/index.ctp, line 32]
Trace:
include - APP/View/Gigs/index.ctp, line 32
View::_evaluate() - CORE/Cake/View/View.php, line 931
View::_render() - CORE/Cake/View/View.php, line 893
View::render() - CORE/Cake/View/View.php, line 462
Controller::render() - CORE/Cake/Controller/Controller.php, line 952
Dispatcher::_invoke() - CORE/Cake/Routing/Dispatcher.php, line 194
Dispatcher::dispatch() - CORE/Cake/Routing/Dispatcher.php, line 162
[main] - APP/webroot/index.php, line 110

2015-10-17 20:59:44 Notice: Notice (8): Undefined variable: i in [/home/vagrant/Repo/gigsmanager/app/View/Gigs/index.ctp, line 32]
Trace:
include - APP/View/Gigs/index.ctp, line 32
View::_evaluate() - CORE/Cake/View/View.php, line 931
View::_render() - CORE/Cake/View/View.php, line 893
View::render() - CORE/Cake/View/View.php, line 462
Controller::render() - CORE/Cake/Controller/Controller.php, line 952
Dispatcher::_invoke() - CORE/Cake/Routing/Dispatcher.php, line 194
Dispatcher::dispatch() - CORE/Cake/Routing/Dispatcher.php, line 162
[main] - APP/webroot/index.php, line 110

2015-10-17 20:59:44 Notice: Notice (8): Undefined variable: gig in [/home/vagrant/Repo/gigsmanager/app/View/Gigs/index.ctp, line 32]
Trace:
include - APP/View/Gigs/index.ctp, line 32
View::_evaluate() - CORE/Cake/View/View.php, line 931
View::_render() - CORE/Cake/View/View.php, line 893
View::render() - CORE/Cake/View/View.php, line 462
Controller::render() - CORE/Cake/Controller/Controller.php, line 952
Dispatcher::_invoke() - CORE/Cake/Routing/Dispatcher.php, line 194
Dispatcher::dispatch() - CORE/Cake/Routing/Dispatcher.php, line 162
[main] - APP/webroot/index.php, line 110

2015-10-17 20:59:44 Notice: Notice (8): Undefined variable: i in [/home/vagrant/Repo/gigsmanager/app/View/Gigs/index.ctp, line 32]
Trace:
include - APP/View/Gigs/index.ctp, line 32
View::_evaluate() - CORE/Cake/View/View.php, line 931
View::_render() - CORE/Cake/View/View.php, line 893
View::render() - CORE/Cake/View/View.php, line 462
Controller::render() - CORE/Cake/Controller/Controller.php, line 952
Dispatcher::_invoke() - CORE/Cake/Routing/Dispatcher.php, line 194
Dispatcher::dispatch() - CORE/Cake/Routing/Dispatcher.php, line 162
[main] - APP/webroot/index.php, line 110

2015-10-17 20:59:44 Notice: Notice (8): Undefined variable: gig in [/home/vagrant/Repo/gigsmanager/app/View/Gigs/index.ctp, line 32]
Trace:
include - APP/View/Gigs/index.ctp, line 32
View::_evaluate() - CORE/Cake/View/View.php, line 931
View::_render() - CORE/Cake/View/View.php, line 893
View::render() - CORE/Cake/View/View.php, line 462
Controller::render() - CORE/Cake/Controller/Controller.php, line 952
Dispatcher::_invoke() - CORE/Cake/Routing/Dispatcher.php, line 194
Dispatcher::dispatch() - CORE/Cake/Routing/Dispatcher.php, line 162
[main] - APP/webroot/index.php, line 110

2015-10-17 20:59:44 Notice: Notice (8): Undefined variable: i in [/home/vagrant/Repo/gigsmanager/app/View/Gigs/index.ctp, line 32]
Trace:
include - APP/View/Gigs/index.ctp, line 32
View::_evaluate() - CORE/Cake/View/View.php, line 931
View::_render() - CORE/Cake/View/View.php, line 893
View::render() - CORE/Cake/View/View.php, line 462
Controller::render() - CORE/Cake/Controller/Controller.php, line 952
Dispatcher::_invoke() - CORE/Cake/Routing/Dispatcher.php, line 194
Dispatcher::dispatch() - CORE/Cake/Routing/Dispatcher.php, line 162
[main] - APP/webroot/index.php, line 110

2015-10-17 20:59:44 Notice: Notice (8): Undefined variable: gig in [/home/vagrant/Repo/gigsmanager/app/View/Gigs/index.ctp, line 36]
Trace:
include - APP/View/Gigs/index.ctp, line 36
View::_evaluate() - CORE/Cake/View/View.php, line 931
View::_render() - CORE/Cake/View/View.php, line 893
View::render() - CORE/Cake/View/View.php, line 462
Controller::render() - CORE/Cake/Controller/Controller.php, line 952
Dispatcher::_invoke() - CORE/Cake/Routing/Dispatcher.php, line 194
Dispatcher::dispatch() - CORE/Cake/Routing/Dispatcher.php, line 162
[main] - APP/webroot/index.php, line 110

2015-10-17 20:59:44 Notice: Notice (8): Undefined variable: gig in [/home/vagrant/Repo/gigsmanager/app/View/Gigs/index.ctp, line 39]
Trace:
include - APP/View/Gigs/index.ctp, line 39
View::_evaluate() - CORE/Cake/View/View.php, line 931
View::_render() - CORE/Cake/View/View.php, line 893
View::render() - CORE/Cake/View/View.php, line 462
Controller::render() - CORE/Cake/Controller/Controller.php, line 952
Dispatcher::_invoke() - CORE/Cake/Routing/Dispatcher.php, line 194
Dispatcher::dispatch() - CORE/Cake/Routing/Dispatcher.php, line 162
[main] - APP/webroot/index.php, line 110

2015-10-17 20:59:44 Notice: Notice (8): Undefined variable: gig in [/home/vagrant/Repo/gigsmanager/app/View/Gigs/index.ctp, line 42]
Trace:
include - APP/View/Gigs/index.ctp, line 42
View::_evaluate() - CORE/Cake/View/View.php, line 931
View::_render() - CORE/Cake/View/View.php, line 893
View::render() - CORE/Cake/View/View.php, line 462
Controller::render() - CORE/Cake/Controller/Controller.php, line 952
Dispatcher::_invoke() - CORE/Cake/Routing/Dispatcher.php, line 194
Dispatcher::dispatch() - CORE/Cake/Routing/Dispatcher.php, line 162
[main] - APP/webroot/index.php, line 110

2015-10-17 20:59:44 Notice: Notice (8): Undefined variable: gig in [/home/vagrant/Repo/gigsmanager/app/View/Gigs/index.ctp, line 45]
Trace:
include - APP/View/Gigs/index.ctp, line 45
View::_evaluate() - CORE/Cake/View/View.php, line 931
View::_render() - CORE/Cake/View/View.php, line 893
View::render() - CORE/Cake/View/View.php, line 462
Controller::render() - CORE/Cake/Controller/Controller.php, line 952
Dispatcher::_invoke() - CORE/Cake/Routing/Dispatcher.php, line 194
Dispatcher::dispatch() - CORE/Cake/Routing/Dispatcher.php, line 162
[main] - APP/webroot/index.php, line 110

2015-10-17 20:59:44 Notice: Notice (8): Undefined variable: gig in [/home/vagrant/Repo/gigsmanager/app/View/Gigs/index.ctp, line 45]
Trace:
include - APP/View/Gigs/index.ctp, line 45
View::_evaluate() - CORE/Cake/View/View.php, line 931
View::_render() - CORE/Cake/View/View.php, line 893
View::render() - CORE/Cake/View/View.php, line 462
Controller::render() - CORE/Cake/Controller/Controller.php, line 952
Dispatcher::_invoke() - CORE/Cake/Routing/Dispatcher.php, line 194
Dispatcher::dispatch() - CORE/Cake/Routing/Dispatcher.php, line 162
[main] - APP/webroot/index.php, line 110

